<?xml version="1.0" encoding="UTF-8"?>
<!-- Generated by org.testng.reporters.JUnitReportReporter -->
<testsuite hostname="LAPTOP-3EB6HL7I" failures="0" tests="3" name="com.viciemctests.BasicViciTests" time="69.662" errors="0" timestamp="2023-11-17T13:29:36 IST" skipped="0">
  <testcase classname="com.viciemctests.BasicViciTests" name="loginTest_normaluser" time="18.853"/>
  <system-out>
    <![CDATA[Verifying Page title: Login
Actual: Login
Page Title verified | 
Click : By.id: txtUserName
Typing value : rohitnormal
Cleaning textbox value
Wait for element to be present in DOM : By.id: txtUserName
Wait for element to be present in DOM : By.id: txtUserName
Wait for element to be present in DOM : By.id: txtUserName
value in input box: rohitnormal
Typing value : rohitn
Cleaning textbox value
Wait for element to be present in DOM : By.id: txtPassword
Click : By.id: btnLogin
onTestSuccess....]]>
  </system-out>
  <testcase classname="com.viciemctests.BasicViciTests" name="viciLoginTest_adminuser" time="35.429"/>
  <system-out>
    <![CDATA[Verifying Page title: Login
Actual: Login
Page Title verified | 
Click : By.id: txtUserName
Typing value : rohit
Cleaning textbox value
Wait for element to be present in DOM : By.id: txtUserName
Wait for element to be present in DOM : By.id: txtUserName
Wait for element to be present in DOM : By.id: txtUserName
value in input box: rohit
Typing value : rohitp
Cleaning textbox value
Wait for element to be present in DOM : By.id: txtPassword
Click : By.id: btnLogin
onTestSuccess....]]>
  </system-out>
  <testcase classname="com.viciemctests.BasicViciTests" name="checkAdminFeatures" time="15.380"/>
  <system-out>
    <![CDATA[Verifying Page title: Login
Actual: Login
Page Title verified | 
Click : By.id: txtUserName
Typing value : rohit
Cleaning textbox value
Wait for element to be present in DOM : By.id: txtUserName
Wait for element to be present in DOM : By.id: txtUserName
Wait for element to be present in DOM : By.id: txtUserName
value in input box: rohit
Typing value : rohitp
Cleaning textbox value
Wait for element to be present in DOM : By.id: txtPassword
Click : By.id: btnLogin
waitForElementToBeVisible: By.xpath: //a[@id='MnAdmin']
Wait for element to be present in DOM : By.xpath: //a[@id='MnAdmin']
onTestSuccess....]]>
  </system-out>
</testsuite> <!-- com.viciemctests.BasicViciTests -->
